<?xml version="1.0" encoding="UTF-8"?>
<!-- Generated by org.testng.reporters.JUnitReportReporter -->
<testsuite hostname="BURAK" failures="0" tests="1" name="SumValidation" time="1.012" errors="0" timestamp="2024-03-23T01:17:50 TRT" skipped="0">
  <testcase classname="SumValidation" name="sumOfCourses" time="1.012"/>
</testsuite> <!-- SumValidation -->
