<?xml version="1.0" encoding="UTF-8"?>
<!-- Generated by org.testng.reporters.JUnitReportReporter -->
<testsuite hostname="BURAK" failures="0" tests="3" name="files.DynamicJson" time="2.870" errors="0" timestamp="2024-03-24T01:21:46 TRT" skipped="0">
  <testcase classname="files.DynamicJson" name="addBook" time="0.439"/>
  <testcase classname="files.DynamicJson" name="addBook" time="0.439"/>
  <testcase classname="files.DynamicJson" name="addBook" time="1.992"/>
</testsuite> <!-- files.DynamicJson -->
